<?xml version="1.0" encoding="UTF-8"?>
<testng-results skipped="0" failed="0" ignored="0" total="2" passed="2">
  <reporter-output>
  </reporter-output>
  <suite name="Suite" duration-ms="21147" started-at="2018-06-12T03:58:46Z" finished-at="2018-06-12T03:59:07Z">
    <groups>
    </groups>
    <test name="Test" duration-ms="21147" started-at="2018-06-12T03:58:46Z" finished-at="2018-06-12T03:59:07Z">
      <class name="testcases.TC001_LoginAndLogout">
        <test-method status="PASS" signature="beforeSuite()[pri:0, instance:testcases.TC001_LoginAndLogout@127bd23]" name="beforeSuite" is-config="true" duration-ms="650" started-at="2018-06-12T03:58:45Z" finished-at="2018-06-12T03:58:46Z">
          <reporter-output>
          </reporter-output>
        </test-method> <!-- beforeSuite -->
        <test-method status="PASS" signature="setData()[pri:0, instance:testcases.TC001_LoginAndLogout@127bd23]" name="setData" is-config="true" duration-ms="1" started-at="2018-06-12T03:58:46Z" finished-at="2018-06-12T03:58:46Z">
          <reporter-output>
          </reporter-output>
        </test-method> <!-- setData -->
        <test-method status="PASS" signature="beforeClass()[pri:0, instance:testcases.TC001_LoginAndLogout@127bd23]" name="beforeClass" is-config="true" duration-ms="2" started-at="2018-06-12T03:58:46Z" finished-at="2018-06-12T03:58:46Z">
          <reporter-output>
          </reporter-output>
        </test-method> <!-- beforeClass -->
        <test-method status="PASS" signature="beforeMethod()[pri:0, instance:testcases.TC001_LoginAndLogout@127bd23]" name="beforeMethod" is-config="true" duration-ms="6464" started-at="2018-06-12T03:58:47Z" finished-at="2018-06-12T03:58:54Z">
          <reporter-output>
          </reporter-output>
        </test-method> <!-- beforeMethod -->
        <test-method status="PASS" signature="loginAndLogout(java.lang.String, java.lang.String, java.lang.String)[pri:0, instance:testcases.TC001_LoginAndLogout@127bd23]" name="loginAndLogout" duration-ms="2743" started-at="2018-06-12T03:58:54Z" data-provider="fetchData" finished-at="2018-06-12T03:58:56Z">
          <params>
            <param index="0">
              <value>
                <![CDATA[DemoSalesManager]]>
              </value>
            </param>
            <param index="1">
              <value>
                <![CDATA[crmsfa]]>
              </value>
            </param>
            <param index="2">
              <value>
                <![CDATA[Demo Sales Manager]]>
              </value>
            </param>
          </params>
          <reporter-output>
          </reporter-output>
        </test-method> <!-- loginAndLogout -->
        <test-method status="PASS" signature="afterMethod()[pri:0, instance:testcases.TC001_LoginAndLogout@127bd23]" name="afterMethod" is-config="true" duration-ms="1053" started-at="2018-06-12T03:58:56Z" finished-at="2018-06-12T03:58:57Z">
          <reporter-output>
          </reporter-output>
        </test-method> <!-- afterMethod -->
        <test-method status="PASS" signature="beforeMethod()[pri:0, instance:testcases.TC001_LoginAndLogout@127bd23]" name="beforeMethod" is-config="true" duration-ms="5734" started-at="2018-06-12T03:58:57Z" finished-at="2018-06-12T03:59:03Z">
          <reporter-output>
          </reporter-output>
        </test-method> <!-- beforeMethod -->
        <test-method status="PASS" signature="loginAndLogout(java.lang.String, java.lang.String, java.lang.String)[pri:0, instance:testcases.TC001_LoginAndLogout@127bd23]" name="loginAndLogout" duration-ms="2725" started-at="2018-06-12T03:59:03Z" data-provider="fetchData" finished-at="2018-06-12T03:59:06Z">
          <params>
            <param index="0">
              <value>
                <![CDATA[DemoCSR]]>
              </value>
            </param>
            <param index="1">
              <value>
                <![CDATA[crmsfa]]>
              </value>
            </param>
            <param index="2">
              <value>
                <![CDATA[Demo B2B CSR]]>
              </value>
            </param>
          </params>
          <reporter-output>
          </reporter-output>
        </test-method> <!-- loginAndLogout -->
        <test-method status="PASS" signature="afterMethod()[pri:0, instance:testcases.TC001_LoginAndLogout@127bd23]" name="afterMethod" is-config="true" duration-ms="1056" started-at="2018-06-12T03:59:06Z" finished-at="2018-06-12T03:59:07Z">
          <reporter-output>
          </reporter-output>
        </test-method> <!-- afterMethod -->
        <test-method status="PASS" signature="afterTest()[pri:0, instance:testcases.TC001_LoginAndLogout@127bd23]" name="afterTest" is-config="true" duration-ms="0" started-at="2018-06-12T03:59:07Z" finished-at="2018-06-12T03:59:07Z">
          <reporter-output>
          </reporter-output>
        </test-method> <!-- afterTest -->
        <test-method status="PASS" signature="afterSuite()[pri:0, instance:testcases.TC001_LoginAndLogout@127bd23]" name="afterSuite" is-config="true" duration-ms="738" started-at="2018-06-12T03:59:07Z" finished-at="2018-06-12T03:59:08Z">
          <reporter-output>
          </reporter-output>
        </test-method> <!-- afterSuite -->
      </class> <!-- testcases.TC001_LoginAndLogout -->
    </test> <!-- Test -->
  </suite> <!-- Suite -->
</testng-results>
